<?xml version="1.0" encoding="UTF-8"?><testsuite errors="0" failures="7" name="com.bestbuy.crudtests.StoresDataDrivenTest" skipped="0" tests="7" time="0.44" timestamp="2023-01-10T22:47:08.352Z[Europe/London]"><testcase classname="com.bestbuy.crudtests.StoresDataDrivenTest" name="Data driven test for adding multiple stores to the application"><failure message="1 expectation failed.&#10;Expected status code &lt;201&gt; but was &lt;400&gt;.&#10;" type="java.lang.AssertionError">1 expectation failed.
Expected status code &lt;201&gt; but was &lt;400&gt;.
</failure><system-err>1 expectation failed.
Expected status code &lt;201&gt; but was &lt;400&gt;.
&#13;
io.restassured.internal.ResponseSpecificationImpl.validateResponseIfRequired(ResponseSpecificationImpl.groovy:636)&#13;
io.restassured.internal.ResponseSpecificationImpl.statusCode(ResponseSpecificationImpl.groovy:122)&#13;
io.restassured.internal.ResponseSpecificationImpl.statusCode(ResponseSpecificationImpl.groovy:130)&#13;
io.restassured.internal.ValidatableResponseOptionsImpl.statusCode(ValidatableResponseOptionsImpl.java:117)&#13;
com.bestbuy.crudtests.StoresDataDrivenTest.createMultipleStores(StoresDataDrivenTest.java:33)&#13;
</system-err></testcase></testsuite>